<?xml version="1.0" encoding="UTF-8"?>
<!-- Generated by org.testng.reporters.JUnitReportReporter -->
<testsuite hostname="DESKTOP-IUONPSO" failures="0" tests="1" name="TestCases.Test_1" time="1.263" errors="0" timestamp="2025-03-29T10:31:39 IST" skipped="0">
  <testcase classname="TestCases.Test_1" name="setCity" time="1.263"/>
  <system-out/>
</testsuite> <!-- TestCases.Test_1 -->
